SF:lib\bloc\score\score_state.dart
DA:4,2
DA:6,0
DA:7,0
DA:16,2
DA:18,1
DA:19,3
LF:6
LH:4
end_of_record
SF:lib\bloc\score\score_bloc.dart
DA:13,3
DA:14,1
DA:15,2
DA:16,2
DA:18,5
DA:19,1
DA:23,1
DA:24,4
DA:27,1
DA:28,2
DA:30,1
DA:31,1
DA:32,1
DA:33,1
DA:35,2
DA:39,1
DA:41,2
DA:42,2
DA:47,1
DA:48,1
DA:49,2
DA:50,2
DA:55,1
DA:57,2
DA:58,1
LF:25
LH:25
end_of_record
SF:lib\bloc\score\score_event.dart
DA:4,3
DA:6,0
DA:7,0
DA:15,1
DA:18,0
DA:19,0
DA:23,2
DA:25,0
DA:26,0
LF:9
LH:3
end_of_record
SF:lib\bloc\uniqe_words\uniqe_words_state.dart
DA:5,5
DA:7,1
DA:8,1
DA:14,2
DA:15,1
DA:21,5
DA:23,2
DA:25,1
DA:26,3
LF:9
LH:9
end_of_record
SF:lib\bloc\uniqe_words\uniqe_words_bloc.dart
DA:11,6
DA:12,4
DA:13,4
DA:14,4
DA:17,2
DA:18,8
DA:21,2
DA:22,2
DA:23,4
DA:25,6
DA:26,4
DA:27,6
DA:29,3
DA:33,1
DA:34,2
DA:35,1
DA:39,2
DA:41,2
DA:43,4
DA:44,2
DA:45,6
DA:46,2
DA:47,2
DA:48,4
DA:50,2
LF:25
LH:25
end_of_record
SF:lib\bloc\uniqe_words\uniqe_words_event.dart
DA:4,3
DA:6,0
DA:7,0
DA:13,2
DA:15,0
DA:16,0
DA:22,2
DA:24,0
DA:25,0
LF:9
LH:3
end_of_record
SF:lib\services\grammar_service.dart
DA:10,0
DA:11,0
DA:12,0
DA:14,0
DA:15,0
DA:16,0
DA:18,0
LF:7
LH:0
end_of_record
